app/build/intermediates/manifest_merge_blame_file/debug/manifest-merger-blame-debug-report.txt
1<?xml version="1.0" encoding="utf-8"?>
2<manifest xmlns:android="http://schemas.android.com/apk/res/android"
3    package="com.secta9ine.didapp"
4    android:versionCode="1"
5    android:versionName="1.0" >
6
7    <uses-sdk
8        android:minSdkVersion="24"
9        android:targetSdkVersion="34" />
10
11    <uses-permission android:name="android.permission.INTERNET" />
11-->src/main/AndroidManifest.xml:5:5-67
11-->src/main/AndroidManifest.xml:5:22-64
12    <uses-permission android:name="android.permission.ACCESS_NETWORK_STATE" />
12-->src/main/AndroidManifest.xml:6:5-79
12-->src/main/AndroidManifest.xml:6:22-76
13    <uses-permission
13-->src/main/AndroidManifest.xml:7:5-107
14        android:name="android.permission.READ_EXTERNAL_STORAGE"
14-->src/main/AndroidManifest.xml:7:22-77
15        android:maxSdkVersion="32" />
15-->src/main/AndroidManifest.xml:7:78-104
16    <uses-permission
16-->src/main/AndroidManifest.xml:8:5-108
17        android:name="android.permission.WRITE_EXTERNAL_STORAGE"
17-->src/main/AndroidManifest.xml:8:22-78
18        android:maxSdkVersion="28" />
18-->src/main/AndroidManifest.xml:8:79-105
19    <uses-permission android:name="android.permission.READ_MEDIA_IMAGES" />
19-->src/main/AndroidManifest.xml:9:5-76
19-->src/main/AndroidManifest.xml:9:22-73
20    <uses-permission android:name="android.permission.READ_MEDIA_VIDEO" />
20-->src/main/AndroidManifest.xml:10:5-75
20-->src/main/AndroidManifest.xml:10:22-72
21    <uses-permission android:name="android.permission.WAKE_LOCK" />
21-->[androidx.work:work-runtime:2.9.0] AndroidManifest.xml:23:5-68
21-->[androidx.work:work-runtime:2.9.0] AndroidManifest.xml:23:22-65
22    <uses-permission android:name="android.permission.RECEIVE_BOOT_COMPLETED" />
22-->[androidx.work:work-runtime:2.9.0] AndroidManifest.xml:25:5-81
22-->[androidx.work:work-runtime:2.9.0] AndroidManifest.xml:25:22-78
23    <uses-permission android:name="android.permission.FOREGROUND_SERVICE" />
23-->[androidx.work:work-runtime:2.9.0] AndroidManifest.xml:26:5-77
23-->[androidx.work:work-runtime:2.9.0] AndroidManifest.xml:26:22-74
24
25    <permission
25-->[androidx.core:core:1.12.0] AndroidManifest.xml:22:5-24:47
26        android:name="com.secta9ine.didapp.DYNAMIC_RECEIVER_NOT_EXPORTED_PERMISSION"
26-->[androidx.core:core:1.12.0] AndroidManifest.xml:23:9-81
27        android:protectionLevel="signature" />
27-->[androidx.core:core:1.12.0] AndroidManifest.xml:24:9-44
28
29    <uses-permission android:name="com.secta9ine.didapp.DYNAMIC_RECEIVER_NOT_EXPORTED_PERMISSION" />
29-->[androidx.core:core:1.12.0] AndroidManifest.xml:26:5-97
29-->[androidx.core:core:1.12.0] AndroidManifest.xml:26:22-94
30
31    <application
31-->src/main/AndroidManifest.xml:12:5-33:19
32        android:name="com.secta9ine.didapp.DidApplication"
32-->src/main/AndroidManifest.xml:13:9-39
33        android:allowBackup="true"
33-->src/main/AndroidManifest.xml:14:9-35
34        android:appComponentFactory="androidx.core.app.CoreComponentFactory"
34-->[androidx.core:core:1.12.0] AndroidManifest.xml:28:18-86
35        android:dataExtractionRules="@xml/data_extraction_rules"
35-->src/main/AndroidManifest.xml:16:9-65
36        android:debuggable="true"
37        android:extractNativeLibs="false"
38        android:fullBackupContent="@xml/backup_rules"
38-->src/main/AndroidManifest.xml:17:9-54
39        android:icon="@mipmap/ic_launcher"
39-->src/main/AndroidManifest.xml:18:9-43
40        android:label="@string/app_name"
40-->src/main/AndroidManifest.xml:19:9-41
41        android:roundIcon="@mipmap/ic_launcher_round"
41-->src/main/AndroidManifest.xml:20:9-54
42        android:supportsRtl="true"
42-->src/main/AndroidManifest.xml:21:9-35
43        android:testOnly="true"
44        android:theme="@style/Theme.DidApp"
44-->src/main/AndroidManifest.xml:22:9-44
45        android:usesCleartextTraffic="true" >
45-->src/main/AndroidManifest.xml:15:9-44
46        <activity
46-->src/main/AndroidManifest.xml:24:9-32:20
47            android:name="com.secta9ine.didapp.ui.MainActivity"
47-->src/main/AndroidManifest.xml:25:13-44
48            android:exported="true"
48-->src/main/AndroidManifest.xml:26:13-36
49            android:theme="@style/Theme.DidApp" >
49-->src/main/AndroidManifest.xml:27:13-48
50            <intent-filter>
50-->src/main/AndroidManifest.xml:28:13-31:29
51                <action android:name="android.intent.action.MAIN" />
51-->src/main/AndroidManifest.xml:29:17-69
51-->src/main/AndroidManifest.xml:29:25-66
52
53                <category android:name="android.intent.category.LAUNCHER" />
53-->src/main/AndroidManifest.xml:30:17-77
53-->src/main/AndroidManifest.xml:30:27-74
54            </intent-filter>
55        </activity>
56        <activity
56-->[androidx.compose.ui:ui-tooling-android:1.6.6] AndroidManifest.xml:23:9-25:39
57            android:name="androidx.compose.ui.tooling.PreviewActivity"
57-->[androidx.compose.ui:ui-tooling-android:1.6.6] AndroidManifest.xml:24:13-71
58            android:exported="true" />
58-->[androidx.compose.ui:ui-tooling-android:1.6.6] AndroidManifest.xml:25:13-36
59        <activity
59-->[androidx.compose.ui:ui-test-manifest:1.6.6] AndroidManifest.xml:23:9-25:39
60            android:name="androidx.activity.ComponentActivity"
60-->[androidx.compose.ui:ui-test-manifest:1.6.6] AndroidManifest.xml:24:13-63
61            android:exported="true" />
61-->[androidx.compose.ui:ui-test-manifest:1.6.6] AndroidManifest.xml:25:13-36
62
63        <provider
63-->[androidx.work:work-runtime:2.9.0] AndroidManifest.xml:29:9-37:20
64            android:name="androidx.startup.InitializationProvider"
64-->[androidx.work:work-runtime:2.9.0] AndroidManifest.xml:30:13-67
65            android:authorities="com.secta9ine.didapp.androidx-startup"
65-->[androidx.work:work-runtime:2.9.0] AndroidManifest.xml:31:13-68
66            android:exported="false" >
66-->[androidx.work:work-runtime:2.9.0] AndroidManifest.xml:32:13-37
67            <meta-data
67-->[androidx.work:work-runtime:2.9.0] AndroidManifest.xml:34:13-36:52
68                android:name="androidx.work.WorkManagerInitializer"
68-->[androidx.work:work-runtime:2.9.0] AndroidManifest.xml:35:17-68
69                android:value="androidx.startup" />
69-->[androidx.work:work-runtime:2.9.0] AndroidManifest.xml:36:17-49
70            <meta-data
70-->[androidx.emoji2:emoji2:1.3.0] AndroidManifest.xml:29:13-31:52
71                android:name="androidx.emoji2.text.EmojiCompatInitializer"
71-->[androidx.emoji2:emoji2:1.3.0] AndroidManifest.xml:30:17-75
72                android:value="androidx.startup" />
72-->[androidx.emoji2:emoji2:1.3.0] AndroidManifest.xml:31:17-49
73            <meta-data
73-->[androidx.lifecycle:lifecycle-process:2.6.2] AndroidManifest.xml:29:13-31:52
74                android:name="androidx.lifecycle.ProcessLifecycleInitializer"
74-->[androidx.lifecycle:lifecycle-process:2.6.2] AndroidManifest.xml:30:17-78
75                android:value="androidx.startup" />
75-->[androidx.lifecycle:lifecycle-process:2.6.2] AndroidManifest.xml:31:17-49
76            <meta-data
76-->[androidx.profileinstaller:profileinstaller:1.3.1] AndroidManifest.xml:29:13-31:52
77                android:name="androidx.profileinstaller.ProfileInstallerInitializer"
77-->[androidx.profileinstaller:profileinstaller:1.3.1] AndroidManifest.xml:30:17-85
78                android:value="androidx.startup" />
78-->[androidx.profileinstaller:profileinstaller:1.3.1] AndroidManifest.xml:31:17-49
79        </provider>
80
81        <service
81-->[androidx.work:work-runtime:2.9.0] AndroidManifest.xml:39:9-45:35
82            android:name="androidx.work.impl.background.systemalarm.SystemAlarmService"
82-->[androidx.work:work-runtime:2.9.0] AndroidManifest.xml:40:13-88
83            android:directBootAware="false"
83-->[androidx.work:work-runtime:2.9.0] AndroidManifest.xml:41:13-44
84            android:enabled="@bool/enable_system_alarm_service_default"
84-->[androidx.work:work-runtime:2.9.0] AndroidManifest.xml:42:13-72
85            android:exported="false" />
85-->[androidx.work:work-runtime:2.9.0] AndroidManifest.xml:43:13-37
86        <service
86-->[androidx.work:work-runtime:2.9.0] AndroidManifest.xml:46:9-52:35
87            android:name="androidx.work.impl.background.systemjob.SystemJobService"
87-->[androidx.work:work-runtime:2.9.0] AndroidManifest.xml:47:13-84
88            android:directBootAware="false"
88-->[androidx.work:work-runtime:2.9.0] AndroidManifest.xml:48:13-44
89            android:enabled="@bool/enable_system_job_service_default"
89-->[androidx.work:work-runtime:2.9.0] AndroidManifest.xml:49:13-70
90            android:exported="true"
90-->[androidx.work:work-runtime:2.9.0] AndroidManifest.xml:50:13-36
91            android:permission="android.permission.BIND_JOB_SERVICE" />
91-->[androidx.work:work-runtime:2.9.0] AndroidManifest.xml:51:13-69
92        <service
92-->[androidx.work:work-runtime:2.9.0] AndroidManifest.xml:53:9-59:35
93            android:name="androidx.work.impl.foreground.SystemForegroundService"
93-->[androidx.work:work-runtime:2.9.0] AndroidManifest.xml:54:13-81
94            android:directBootAware="false"
94-->[androidx.work:work-runtime:2.9.0] AndroidManifest.xml:55:13-44
95            android:enabled="@bool/enable_system_foreground_service_default"
95-->[androidx.work:work-runtime:2.9.0] AndroidManifest.xml:56:13-77
96            android:exported="false" />
96-->[androidx.work:work-runtime:2.9.0] AndroidManifest.xml:57:13-37
97
98        <receiver
98-->[androidx.work:work-runtime:2.9.0] AndroidManifest.xml:61:9-66:35
99            android:name="androidx.work.impl.utils.ForceStopRunnable$BroadcastReceiver"
99-->[androidx.work:work-runtime:2.9.0] AndroidManifest.xml:62:13-88
100            android:directBootAware="false"
100-->[androidx.work:work-runtime:2.9.0] AndroidManifest.xml:63:13-44
101            android:enabled="true"
101-->[androidx.work:work-runtime:2.9.0] AndroidManifest.xml:64:13-35
102            android:exported="false" />
102-->[androidx.work:work-runtime:2.9.0] AndroidManifest.xml:65:13-37
103        <receiver
103-->[androidx.work:work-runtime:2.9.0] AndroidManifest.xml:67:9-77:20
104            android:name="androidx.work.impl.background.systemalarm.ConstraintProxy$BatteryChargingProxy"
104-->[androidx.work:work-runtime:2.9.0] AndroidManifest.xml:68:13-106
105            android:directBootAware="false"
105-->[androidx.work:work-runtime:2.9.0] AndroidManifest.xml:69:13-44
106            android:enabled="false"
106-->[androidx.work:work-runtime:2.9.0] AndroidManifest.xml:70:13-36
107            android:exported="false" >
107-->[androidx.work:work-runtime:2.9.0] AndroidManifest.xml:71:13-37
108            <intent-filter>
108-->[androidx.work:work-runtime:2.9.0] AndroidManifest.xml:73:13-76:29
109                <action android:name="android.intent.action.ACTION_POWER_CONNECTED" />
109-->[androidx.work:work-runtime:2.9.0] AndroidManifest.xml:74:17-87
109-->[androidx.work:work-runtime:2.9.0] AndroidManifest.xml:74:25-84
110                <action android:name="android.intent.action.ACTION_POWER_DISCONNECTED" />
110-->[androidx.work:work-runtime:2.9.0] AndroidManifest.xml:75:17-90
110-->[androidx.work:work-runtime:2.9.0] AndroidManifest.xml:75:25-87
111            </intent-filter>
112        </receiver>
113        <receiver
113-->[androidx.work:work-runtime:2.9.0] AndroidManifest.xml:78:9-88:20
114            android:name="androidx.work.impl.background.systemalarm.ConstraintProxy$BatteryNotLowProxy"
114-->[androidx.work:work-runtime:2.9.0] AndroidManifest.xml:79:13-104
115            android:directBootAware="false"
115-->[androidx.work:work-runtime:2.9.0] AndroidManifest.xml:80:13-44
116            android:enabled="false"
116-->[androidx.work:work-runtime:2.9.0] AndroidManifest.xml:81:13-36
117            android:exported="false" >
117-->[androidx.work:work-runtime:2.9.0] AndroidManifest.xml:82:13-37
118            <intent-filter>
118-->[androidx.work:work-runtime:2.9.0] AndroidManifest.xml:84:13-87:29
119                <action android:name="android.intent.action.BATTERY_OKAY" />
119-->[androidx.work:work-runtime:2.9.0] AndroidManifest.xml:85:17-77
119-->[androidx.work:work-runtime:2.9.0] AndroidManifest.xml:85:25-74
120                <action android:name="android.intent.action.BATTERY_LOW" />
120-->[androidx.work:work-runtime:2.9.0] AndroidManifest.xml:86:17-76
120-->[androidx.work:work-runtime:2.9.0] AndroidManifest.xml:86:25-73
121            </intent-filter>
122        </receiver>
123        <receiver
123-->[androidx.work:work-runtime:2.9.0] AndroidManifest.xml:89:9-99:20
124            android:name="androidx.work.impl.background.systemalarm.ConstraintProxy$StorageNotLowProxy"
124-->[androidx.work:work-runtime:2.9.0] AndroidManifest.xml:90:13-104
125            android:directBootAware="false"
125-->[androidx.work:work-runtime:2.9.0] AndroidManifest.xml:91:13-44
126            android:enabled="false"
126-->[androidx.work:work-runtime:2.9.0] AndroidManifest.xml:92:13-36
127            android:exported="false" >
127-->[androidx.work:work-runtime:2.9.0] AndroidManifest.xml:93:13-37
128            <intent-filter>
128-->[androidx.work:work-runtime:2.9.0] AndroidManifest.xml:95:13-98:29
129                <action android:name="android.intent.action.DEVICE_STORAGE_LOW" />
129-->[androidx.work:work-runtime:2.9.0] AndroidManifest.xml:96:17-83
129-->[androidx.work:work-runtime:2.9.0] AndroidManifest.xml:96:25-80
130                <action android:name="android.intent.action.DEVICE_STORAGE_OK" />
130-->[androidx.work:work-runtime:2.9.0] AndroidManifest.xml:97:17-82
130-->[androidx.work:work-runtime:2.9.0] AndroidManifest.xml:97:25-79
131            </intent-filter>
132        </receiver>
133        <receiver
133-->[androidx.work:work-runtime:2.9.0] AndroidManifest.xml:100:9-109:20
134            android:name="androidx.work.impl.background.systemalarm.ConstraintProxy$NetworkStateProxy"
134-->[androidx.work:work-runtime:2.9.0] AndroidManifest.xml:101:13-103
135            android:directBootAware="false"
135-->[androidx.work:work-runtime:2.9.0] AndroidManifest.xml:102:13-44
136            android:enabled="false"
136-->[androidx.work:work-runtime:2.9.0] AndroidManifest.xml:103:13-36
137            android:exported="false" >
137-->[androidx.work:work-runtime:2.9.0] AndroidManifest.xml:104:13-37
138            <intent-filter>
138-->[androidx.work:work-runtime:2.9.0] AndroidManifest.xml:106:13-108:29
139                <action android:name="android.net.conn.CONNECTIVITY_CHANGE" />
139-->[androidx.work:work-runtime:2.9.0] AndroidManifest.xml:107:17-79
139-->[androidx.work:work-runtime:2.9.0] AndroidManifest.xml:107:25-76
140            </intent-filter>
141        </receiver>
142        <receiver
142-->[androidx.work:work-runtime:2.9.0] AndroidManifest.xml:110:9-121:20
143            android:name="androidx.work.impl.background.systemalarm.RescheduleReceiver"
143-->[androidx.work:work-runtime:2.9.0] AndroidManifest.xml:111:13-88
144            android:directBootAware="false"
144-->[androidx.work:work-runtime:2.9.0] AndroidManifest.xml:112:13-44
145            android:enabled="false"
145-->[androidx.work:work-runtime:2.9.0] AndroidManifest.xml:113:13-36
146            android:exported="false" >
146-->[androidx.work:work-runtime:2.9.0] AndroidManifest.xml:114:13-37
147            <intent-filter>
147-->[androidx.work:work-runtime:2.9.0] AndroidManifest.xml:116:13-120:29
148                <action android:name="android.intent.action.BOOT_COMPLETED" />
148-->[androidx.work:work-runtime:2.9.0] AndroidManifest.xml:117:17-79
148-->[androidx.work:work-runtime:2.9.0] AndroidManifest.xml:117:25-76
149                <action android:name="android.intent.action.TIME_SET" />
149-->[androidx.work:work-runtime:2.9.0] AndroidManifest.xml:118:17-73
149-->[androidx.work:work-runtime:2.9.0] AndroidManifest.xml:118:25-70
150                <action android:name="android.intent.action.TIMEZONE_CHANGED" />
150-->[androidx.work:work-runtime:2.9.0] AndroidManifest.xml:119:17-81
150-->[androidx.work:work-runtime:2.9.0] AndroidManifest.xml:119:25-78
151            </intent-filter>
152        </receiver>
153        <receiver
153-->[androidx.work:work-runtime:2.9.0] AndroidManifest.xml:122:9-131:20
154            android:name="androidx.work.impl.background.systemalarm.ConstraintProxyUpdateReceiver"
154-->[androidx.work:work-runtime:2.9.0] AndroidManifest.xml:123:13-99
155            android:directBootAware="false"
155-->[androidx.work:work-runtime:2.9.0] AndroidManifest.xml:124:13-44
156            android:enabled="@bool/enable_system_alarm_service_default"
156-->[androidx.work:work-runtime:2.9.0] AndroidManifest.xml:125:13-72
157            android:exported="false" >
157-->[androidx.work:work-runtime:2.9.0] AndroidManifest.xml:126:13-37
158            <intent-filter>
158-->[androidx.work:work-runtime:2.9.0] AndroidManifest.xml:128:13-130:29
159                <action android:name="androidx.work.impl.background.systemalarm.UpdateProxies" />
159-->[androidx.work:work-runtime:2.9.0] AndroidManifest.xml:129:17-98
159-->[androidx.work:work-runtime:2.9.0] AndroidManifest.xml:129:25-95
160            </intent-filter>
161        </receiver>
162        <receiver
162-->[androidx.work:work-runtime:2.9.0] AndroidManifest.xml:132:9-142:20
163            android:name="androidx.work.impl.diagnostics.DiagnosticsReceiver"
163-->[androidx.work:work-runtime:2.9.0] AndroidManifest.xml:133:13-78
164            android:directBootAware="false"
164-->[androidx.work:work-runtime:2.9.0] AndroidManifest.xml:134:13-44
165            android:enabled="true"
165-->[androidx.work:work-runtime:2.9.0] AndroidManifest.xml:135:13-35
166            android:exported="true"
166-->[androidx.work:work-runtime:2.9.0] AndroidManifest.xml:136:13-36
167            android:permission="android.permission.DUMP" >
167-->[androidx.work:work-runtime:2.9.0] AndroidManifest.xml:137:13-57
168            <intent-filter>
168-->[androidx.work:work-runtime:2.9.0] AndroidManifest.xml:139:13-141:29
169                <action android:name="androidx.work.diagnostics.REQUEST_DIAGNOSTICS" />
169-->[androidx.work:work-runtime:2.9.0] AndroidManifest.xml:140:17-88
169-->[androidx.work:work-runtime:2.9.0] AndroidManifest.xml:140:25-85
170            </intent-filter>
171        </receiver>
172
173        <service
173-->[androidx.room:room-runtime:2.6.0] AndroidManifest.xml:24:9-28:63
174            android:name="androidx.room.MultiInstanceInvalidationService"
174-->[androidx.room:room-runtime:2.6.0] AndroidManifest.xml:25:13-74
175            android:directBootAware="true"
175-->[androidx.room:room-runtime:2.6.0] AndroidManifest.xml:26:13-43
176            android:exported="false" />
176-->[androidx.room:room-runtime:2.6.0] AndroidManifest.xml:27:13-37
177
178        <receiver
178-->[androidx.profileinstaller:profileinstaller:1.3.1] AndroidManifest.xml:34:9-52:20
179            android:name="androidx.profileinstaller.ProfileInstallReceiver"
179-->[androidx.profileinstaller:profileinstaller:1.3.1] AndroidManifest.xml:35:13-76
180            android:directBootAware="false"
180-->[androidx.profileinstaller:profileinstaller:1.3.1] AndroidManifest.xml:36:13-44
181            android:enabled="true"
181-->[androidx.profileinstaller:profileinstaller:1.3.1] AndroidManifest.xml:37:13-35
182            android:exported="true"
182-->[androidx.profileinstaller:profileinstaller:1.3.1] AndroidManifest.xml:38:13-36
183            android:permission="android.permission.DUMP" >
183-->[androidx.profileinstaller:profileinstaller:1.3.1] AndroidManifest.xml:39:13-57
184            <intent-filter>
184-->[androidx.profileinstaller:profileinstaller:1.3.1] AndroidManifest.xml:40:13-42:29
185                <action android:name="androidx.profileinstaller.action.INSTALL_PROFILE" />
185-->[androidx.profileinstaller:profileinstaller:1.3.1] AndroidManifest.xml:41:17-91
185-->[androidx.profileinstaller:profileinstaller:1.3.1] AndroidManifest.xml:41:25-88
186            </intent-filter>
187            <intent-filter>
187-->[androidx.profileinstaller:profileinstaller:1.3.1] AndroidManifest.xml:43:13-45:29
188                <action android:name="androidx.profileinstaller.action.SKIP_FILE" />
188-->[androidx.profileinstaller:profileinstaller:1.3.1] AndroidManifest.xml:44:17-85
188-->[androidx.profileinstaller:profileinstaller:1.3.1] AndroidManifest.xml:44:25-82
189            </intent-filter>
190            <intent-filter>
190-->[androidx.profileinstaller:profileinstaller:1.3.1] AndroidManifest.xml:46:13-48:29
191                <action android:name="androidx.profileinstaller.action.SAVE_PROFILE" />
191-->[androidx.profileinstaller:profileinstaller:1.3.1] AndroidManifest.xml:47:17-88
191-->[androidx.profileinstaller:profileinstaller:1.3.1] AndroidManifest.xml:47:25-85
192            </intent-filter>
193            <intent-filter>
193-->[androidx.profileinstaller:profileinstaller:1.3.1] AndroidManifest.xml:49:13-51:29
194                <action android:name="androidx.profileinstaller.action.BENCHMARK_OPERATION" />
194-->[androidx.profileinstaller:profileinstaller:1.3.1] AndroidManifest.xml:50:17-95
194-->[androidx.profileinstaller:profileinstaller:1.3.1] AndroidManifest.xml:50:25-92
195            </intent-filter>
196        </receiver>
197    </application>
198
199</manifest>